# JRE version: Java(TM) SE Runtime Environment (8.0_111-b14) (build 1.8.0_111-b14)
# Java VM: Java HotSpot(TM) 64-Bit Server VM (25.111-b14 mixed mode windows-amd64 compressed oops)
Heap:
 PSYoungGen      total 24576K, used 12881K [0x00000000e0180000, 0x00000000e2480000, 0x0000000100000000)
  eden space 21504K, 46% used [0x00000000e0180000,0x00000000e0b4a958,0x00000000e1680000)
  from space 3072K, 92% used [0x00000000e1680000,0x00000000e1949df0,0x00000000e1980000)
  to   space 7168K, 0% used [0x00000000e1d80000,0x00000000e1d80000,0x00000000e2480000)
 ParOldGen       total 35840K, used 8544K [0x00000000a0400000, 0x00000000a2700000, 0x00000000e0180000)
  object space 35840K, 23% used [0x00000000a0400000,0x00000000a0c58068,0x00000000a2700000)
 Metaspace       used 25766K, capacity 26058K, committed 26240K, reserved 1073152K
  class space    used 3057K, capacity 3147K, committed 3200K, reserved 1048576K
GC Heap History (10 events):
Event: 668.520 GC heap before
{Heap before GC invocations=14 (full 1):
 PSYoungGen      total 29184K, used 23899K [0x00000000e0180000, 0x00000000e2680000, 0x0000000100000000)
  eden space 21504K, 100% used [0x00000000e0180000,0x00000000e1680000,0x00000000e1680000)
  from space 7680K, 31% used [0x00000000e1f00000,0x00000000e2156ec0,0x00000000e2680000)
  to   space 8192K, 0% used [0x00000000e1680000,0x00000000e1680000,0x00000000e1e80000)
 ParOldGen       total 35840K, used 8504K [0x00000000a0400000, 0x00000000a2700000, 0x00000000e0180000)
  object space 35840K, 23% used [0x00000000a0400000,0x00000000a0c4e068,0x00000000a2700000)
 Metaspace       used 23441K, capacity 23780K, committed 23936K, reserved 1071104K
  class space    used 2838K, capacity 2922K, committed 2944K, reserved 1048576K
Event: 668.524 GC heap after
Heap after GC invocations=14 (full 1):
 PSYoungGen      total 29696K, used 5177K [0x00000000e0180000, 0x00000000e2680000, 0x0000000100000000)
  eden space 21504K, 0% used [0x00000000e0180000,0x00000000e0180000,0x00000000e1680000)
  from space 8192K, 63% used [0x00000000e1680000,0x00000000e1b8e538,0x00000000e1e80000)
  to   space 8192K, 0% used [0x00000000e1e80000,0x00000000e1e80000,0x00000000e2680000)
 ParOldGen       total 35840K, used 8512K [0x00000000a0400000, 0x00000000a2700000, 0x00000000e0180000)
  object space 35840K, 23% used [0x00000000a0400000,0x00000000a0c50068,0x00000000a2700000)
 Metaspace       used 23441K, capacity 23780K, committed 23936K, reserved 1071104K
  class space    used 2838K, capacity 2922K, committed 2944K, reserved 1048576K
}
Event: 685.630 GC heap before
{Heap before GC invocations=15 (full 1):
 PSYoungGen      total 29696K, used 26681K [0x00000000e0180000, 0x00000000e2680000, 0x0000000100000000)
  eden space 21504K, 100% used [0x00000000e0180000,0x00000000e1680000,0x00000000e1680000)
  from space 8192K, 63% used [0x00000000e1680000,0x00000000e1b8e538,0x00000000e1e80000)
  to   space 8192K, 0% used [0x00000000e1e80000,0x00000000e1e80000,0x00000000e2680000)
 ParOldGen       total 35840K, used 8512K [0x00000000a0400000, 0x00000000a2700000, 0x00000000e0180000)
  object space 35840K, 23% used [0x00000000a0400000,0x00000000a0c50068,0x00000000a2700000)
 Metaspace       used 25693K, capacity 25988K, committed 26240K, reserved 1073152K
  class space    used 3054K, capacity 3146K, committed 3200K, reserved 1048576K
Event: 685.640 GC heap after
Heap after GC invocations=15 (full 1):
 PSYoungGen      total 29696K, used 4096K [0x00000000e0180000, 0x00000000e2680000, 0x0000000100000000)
  eden space 21504K, 0% used [0x00000000e0180000,0x00000000e0180000,0x00000000e1680000)
  from space 8192K, 50% used [0x00000000e1e80000,0x00000000e2280288,0x00000000e2680000)
  to   space 8192K, 0% used [0x00000000e1680000,0x00000000e1680000,0x00000000e1e80000)
 ParOldGen       total 35840K, used 8520K [0x00000000a0400000, 0x00000000a2700000, 0x00000000e0180000)
  object space 35840K, 23% used [0x00000000a0400000,0x00000000a0c52068,0x00000000a2700000)
 Metaspace       used 25693K, capacity 25988K, committed 26240K, reserved 1073152K
  class space    used 3054K, capacity 3146K, committed 3200K, reserved 1048576K
}
Event: 718.685 GC heap before
{Heap before GC invocations=16 (full 1):
 PSYoungGen      total 29696K, used 25600K [0x00000000e0180000, 0x00000000e2680000, 0x0000000100000000)
  eden space 21504K, 100% used [0x00000000e0180000,0x00000000e1680000,0x00000000e1680000)
  from space 8192K, 50% used [0x00000000e1e80000,0x00000000e2280288,0x00000000e2680000)
  to   space 8192K, 0% used [0x00000000e1680000,0x00000000e1680000,0x00000000e1e80000)
 ParOldGen       total 35840K, used 8520K [0x00000000a0400000, 0x00000000a2700000, 0x00000000e0180000)
  object space 35840K, 23% used [0x00000000a0400000,0x00000000a0c52068,0x00000000a2700000)
 Metaspace       used 25728K, capacity 26058K, committed 26240K, reserved 1073152K
  class space    used 3055K, capacity 3147K, committed 3200K, reserved 1048576K
Event: 718.702 GC heap after
Heap after GC invocations=16 (full 1):
 PSYoungGen      total 24576K, used 2855K [0x00000000e0180000, 0x00000000e2580000, 0x0000000100000000)
  eden space 21504K, 0% used [0x00000000e0180000,0x00000000e0180000,0x00000000e1680000)
  from space 3072K, 92% used [0x00000000e1680000,0x00000000e1949df0,0x00000000e1980000)
  to   space 7680K, 0% used [0x00000000e1e00000,0x00000000e1e00000,0x00000000e2580000)
 ParOldGen       total 35840K, used 8528K [0x00000000a0400000, 0x00000000a2700000, 0x00000000e0180000)
  object space 35840K, 23% used [0x00000000a0400000,0x00000000a0c54068,0x00000000a2700000)
 Metaspace       used 25728K, capacity 26058K, committed 26240K, reserved 1073152K
  class space    used 3055K, capacity 3147K, committed 3200K, reserved 1048576K
}
Event: 751.521 GC heap before
{Heap before GC invocations=17 (full 1):
 PSYoungGen      total 24576K, used 24359K [0x00000000e0180000, 0x00000000e2580000, 0x0000000100000000)
  eden space 21504K, 100% used [0x00000000e0180000,0x00000000e1680000,0x00000000e1680000)
  from space 3072K, 92% used [0x00000000e1680000,0x00000000e1949df0,0x00000000e1980000)
  to   space 7680K, 0% used [0x00000000e1e00000,0x00000000e1e00000,0x00000000e2580000)
 ParOldGen       total 35840K, used 8528K [0x00000000a0400000, 0x00000000a2700000, 0x00000000e0180000)
  object space 35840K, 23% used [0x00000000a0400000,0x00000000a0c54068,0x00000000a2700000)
 Metaspace       used 25741K, capacity 26058K, committed 26240K, reserved 1073152K
  class space    used 3055K, capacity 3147K, committed 3200K, reserved 1048576K
Event: 751.532 GC heap after
Heap after GC invocations=17 (full 1):
 PSYoungGen      total 29184K, used 2855K [0x00000000e0180000, 0x00000000e2580000, 0x0000000100000000)
  eden space 21504K, 0% used [0x00000000e0180000,0x00000000e0180000,0x00000000e1680000)
  from space 7680K, 37% used [0x00000000e1e00000,0x00000000e20c9df0,0x00000000e2580000)
  to   space 7680K, 0% used [0x00000000e1680000,0x00000000e1680000,0x00000000e1e00000)
 ParOldGen       total 35840K, used 8536K [0x00000000a0400000, 0x00000000a2700000, 0x00000000e0180000)
  object space 35840K, 23% used [0x00000000a0400000,0x00000000a0c56068,0x00000000a2700000)
 Metaspace       used 25741K, capacity 26058K, committed 26240K, reserved 1073152K
  class space    used 3055K, capacity 3147K, committed 3200K, reserved 1048576K
}
Event: 781.614 GC heap before
{Heap before GC invocations=18 (full 1):
 PSYoungGen      total 29184K, used 24359K [0x00000000e0180000, 0x00000000e2580000, 0x0000000100000000)
  eden space 21504K, 100% used [0x00000000e0180000,0x00000000e1680000,0x00000000e1680000)
  from space 7680K, 37% used [0x00000000e1e00000,0x00000000e20c9df0,0x00000000e2580000)
  to   space 7680K, 0% used [0x00000000e1680000,0x00000000e1680000,0x00000000e1e00000)
 ParOldGen       total 35840K, used 8536K [0x00000000a0400000, 0x00000000a2700000, 0x00000000e0180000)
  object space 35840K, 23% used [0x00000000a0400000,0x00000000a0c56068,0x00000000a2700000)
 Metaspace       used 25749K, capacity 26058K, committed 26240K, reserved 1073152K
  class space    used 3055K, capacity 3147K, committed 3200K, reserved 1048576K
Event: 781.624 GC heap after
Heap after GC invocations=18 (full 1):
 PSYoungGen      total 24576K, used 2855K [0x00000000e0180000, 0x00000000e2480000, 0x0000000100000000)
  eden space 21504K, 0% used [0x00000000e0180000,0x00000000e0180000,0x00000000e1680000)
  from space 3072K, 92% used [0x00000000e1680000,0x00000000e1949df0,0x00000000e1980000)
  to   space 7168K, 0% used [0x00000000e1d80000,0x00000000e1d80000,0x00000000e2480000)
 ParOldGen       total 35840K, used 8544K [0x00000000a0400000, 0x00000000a2700000, 0x00000000e0180000)
  object space 35840K, 23% used [0x00000000a0400000,0x00000000a0c58068,0x00000000a2700000)
 Metaspace       used 25749K, capacity 26058K, committed 26240K, reserved 1073152K
  class space    used 3055K, capacity 3147K, committed 3200K, reserved 1048576K
}

